d:\workplace\visual studio 2015\qrcode\carvingqr\build\qrgen.out\qrgen.dir\release\genericgf.obj
d:\workplace\visual studio 2015\qrcode\carvingqr\build\qrgen.out\qrgen.dir\release\qrcoder.obj
d:\workplace\visual studio 2015\qrcode\carvingqr\build\qrgen.out\qrgen.dir\release\genericgfpoly.obj
d:\workplace\visual studio 2015\qrcode\carvingqr\build\qrgen.out\qrgen.dir\release\raw.obj
d:\workplace\visual studio 2015\qrcode\carvingqr\build\qrgen.out\qrgen.dir\release\bitblock.obj
d:\workplace\visual studio 2015\qrcode\carvingqr\build\qrgen.out\qrgen.dir\release\rsutil.obj
d:\workplace\visual studio 2015\qrcode\carvingqr\build\qrgen.out\qrgen.dir\release\alpha.obj
d:\workplace\visual studio 2015\qrcode\carvingqr\build\qrgen.out\qrgen.dir\release\plan.obj
d:\workplace\visual studio 2015\qrcode\carvingqr\build\qrgen.out\qrgen.dir\release\pixel.obj
d:\workplace\visual studio 2015\qrcode\carvingqr\build\qrgen.out\qrgen.dir\release\bits.obj
d:\workplace\visual studio 2015\qrcode\carvingqr\build\qrgen.out\qrgen.dir\release\version.obj
d:\workplace\visual studio 2015\qrcode\carvingqr\build\qrgen.out\qrgen.dir\release\number.obj
d:\workplace\visual studio 2015\qrcode\carvingqr\build\qrgen.out\qrgen.dir\release\reed_solomon_encoder.obj
d:\workplace\visual studio 2015\qrcode\carvingqr\build\qrgen.out\cmakefiles\generate.stamp
d:\workplace\visual studio 2015\qrcode\carvingqr\build\qrgen.out\release\qrgen.lib
d:\workplace\visual studio 2015\qrcode\carvingqr\build\qrgen.out\qrgen.dir\release\qrgen.tlog\cl.command.1.tlog
d:\workplace\visual studio 2015\qrcode\carvingqr\build\qrgen.out\qrgen.dir\release\qrgen.tlog\cl.read.1.tlog
d:\workplace\visual studio 2015\qrcode\carvingqr\build\qrgen.out\qrgen.dir\release\qrgen.tlog\cl.write.1.tlog
d:\workplace\visual studio 2015\qrcode\carvingqr\build\qrgen.out\qrgen.dir\release\qrgen.tlog\custombuild.command.1.tlog
d:\workplace\visual studio 2015\qrcode\carvingqr\build\qrgen.out\qrgen.dir\release\qrgen.tlog\custombuild.read.1.tlog
d:\workplace\visual studio 2015\qrcode\carvingqr\build\qrgen.out\qrgen.dir\release\qrgen.tlog\custombuild.write.1.tlog
d:\workplace\visual studio 2015\qrcode\carvingqr\build\qrgen.out\qrgen.dir\release\qrgen.tlog\lib-link.read.1.tlog
d:\workplace\visual studio 2015\qrcode\carvingqr\build\qrgen.out\qrgen.dir\release\qrgen.tlog\lib-link.write.1.tlog
d:\workplace\visual studio 2015\qrcode\carvingqr\build\qrgen.out\qrgen.dir\release\qrgen.tlog\lib.command.1.tlog
